<?xml version="1.0" encoding="UTF-8"?>
<testng-results skipped="0" failed="1" ignored="0" total="1" passed="0">
  <reporter-output>
  </reporter-output>
  <suite name="Default suite" duration-ms="35123" started-at="2022-06-01T09:39:48 IST" finished-at="2022-06-01T09:40:23 IST">
    <groups>
    </groups>
    <test name="Default test" duration-ms="35123" started-at="2022-06-01T09:39:48 IST" finished-at="2022-06-01T09:40:23 IST">
      <class name="KiteHomeTest.Fail_Test_HoldingList">
        <test-method status="PASS" signature="OpenBrowser()[pri:0, instance:KiteHomeTest.Fail_Test_HoldingList@f6106c]" name="OpenBrowser" is-config="true" duration-ms="14033" started-at="2022-06-01T09:39:48 IST" finished-at="2022-06-01T09:40:02 IST">
          <reporter-output>
          </reporter-output>
        </test-method> <!-- OpenBrowser -->
        <test-method status="PASS" signature="LoginToApp()[pri:0, instance:KiteHomeTest.Fail_Test_HoldingList@f6106c]" name="LoginToApp" is-config="true" duration-ms="3591" started-at="2022-06-01T09:40:02 IST" finished-at="2022-06-01T09:40:05 IST">
          <reporter-output>
          </reporter-output>
        </test-method> <!-- LoginToApp -->
        <test-method status="FAIL" signature="HoldingList()[pri:0, instance:KiteHomeTest.Fail_Test_HoldingList@f6106c]" name="HoldingList" duration-ms="13038" started-at="2022-06-01T09:40:06 IST" finished-at="2022-06-01T09:40:19 IST">
          <exception class="org.openqa.selenium.NoSuchElementException">
            <message>
              <![CDATA[Cannot locate option with text: Mutual Funds
For documentation on this error, please visit: https://selenium.dev/exceptions/#no_such_element
Build info: version: '4.2.0', revision: '86eb611648'
System info: host: 'VIJU', ip: '192.168.43.248', os.name: 'Windows 8', os.arch: 'x86', os.version: '6.2', java.version: '1.8.0_321'
Driver info: driver.version: unknown]]>
            </message>
            <full-stacktrace>
              <![CDATA[org.openqa.selenium.NoSuchElementException: Cannot locate option with text: Mutual Funds
For documentation on this error, please visit: https://selenium.dev/exceptions/#no_such_element
Build info: version: '4.2.0', revision: '86eb611648'
System info: host: 'VIJU', ip: '192.168.43.248', os.name: 'Windows 8', os.arch: 'x86', os.version: '6.2', java.version: '1.8.0_321'
Driver info: driver.version: unknown
at org.openqa.selenium.support.ui.Select.selectByVisibleText(Select.java:151)
at libraryfiles.UtilityClass.Fail_list(UtilityClass.java:41)
at KiteHomeTest.Fail_Test_HoldingList.HoldingList(Fail_Test_HoldingList.java:49)
at sun.reflect.NativeMethodAccessorImpl.invoke0(Native Method)
at sun.reflect.NativeMethodAccessorImpl.invoke(Unknown Source)
at sun.reflect.DelegatingMethodAccessorImpl.invoke(Unknown Source)
at java.lang.reflect.Method.invoke(Unknown Source)
at org.testng.internal.MethodInvocationHelper.invokeMethod(MethodInvocationHelper.java:133)
at org.testng.internal.TestInvoker.invokeMethod(TestInvoker.java:598)
at org.testng.internal.TestInvoker.invokeTestMethod(TestInvoker.java:173)
at org.testng.internal.MethodRunner.runInSequence(MethodRunner.java:46)
at org.testng.internal.TestInvoker$MethodInvocationAgent.invoke(TestInvoker.java:824)
at org.testng.internal.TestInvoker.invokeTestMethods(TestInvoker.java:146)
at org.testng.internal.TestMethodWorker.invokeTestMethods(TestMethodWorker.java:146)
at org.testng.internal.TestMethodWorker.run(TestMethodWorker.java:128)
at java.util.ArrayList.forEach(Unknown Source)
at org.testng.TestRunner.privateRun(TestRunner.java:794)
at org.testng.TestRunner.run(TestRunner.java:596)
at org.testng.SuiteRunner.runTest(SuiteRunner.java:377)
at org.testng.SuiteRunner.runSequentially(SuiteRunner.java:371)
at org.testng.SuiteRunner.privateRun(SuiteRunner.java:332)
at org.testng.SuiteRunner.run(SuiteRunner.java:276)
at org.testng.SuiteRunnerWorker.runSuite(SuiteRunnerWorker.java:53)
at org.testng.SuiteRunnerWorker.run(SuiteRunnerWorker.java:96)
at org.testng.TestNG.runSuitesSequentially(TestNG.java:1212)
at org.testng.TestNG.runSuitesLocally(TestNG.java:1134)
at org.testng.TestNG.runSuites(TestNG.java:1063)
at org.testng.TestNG.run(TestNG.java:1031)
at org.testng.remote.AbstractRemoteTestNG.run(AbstractRemoteTestNG.java:115)
at org.testng.remote.RemoteTestNG.initAndRun(RemoteTestNG.java:251)
at org.testng.remote.RemoteTestNG.main(RemoteTestNG.java:77)
]]>
            </full-stacktrace>
          </exception> <!-- org.openqa.selenium.NoSuchElementException -->
          <reporter-output>
          </reporter-output>
        </test-method> <!-- HoldingList -->
        <test-method status="PASS" signature="Logout(org.testng.ITestResult)[pri:0, instance:KiteHomeTest.Fail_Test_HoldingList@f6106c]" name="Logout" is-config="true" duration-ms="3242" started-at="2022-06-01T09:40:19 IST" finished-at="2022-06-01T09:40:22 IST">
          <params>
            <param index="0">
              <value>
                <![CDATA[[TestResult name=HoldingList status=FAILURE method=Fail_Test_HoldingList.HoldingList()[pri:0, instance:KiteHomeTest.Fail_Test_HoldingList@f6106c] output={null}]]]>
              </value>
            </param>
          </params>
          <reporter-output>
          </reporter-output>
        </test-method> <!-- Logout -->
        <test-method status="PASS" signature="closeBrow()[pri:0, instance:KiteHomeTest.Fail_Test_HoldingList@f6106c]" name="closeBrow" is-config="true" duration-ms="1077" started-at="2022-06-01T09:40:22 IST" finished-at="2022-06-01T09:40:23 IST">
          <reporter-output>
          </reporter-output>
        </test-method> <!-- closeBrow -->
      </class> <!-- KiteHomeTest.Fail_Test_HoldingList -->
    </test> <!-- Default test -->
  </suite> <!-- Default suite -->
</testng-results>
